
> capstone4@0.0.0 dev
> vite


  [32m[1mVITE[22m v8.0.14[39m  [2mready in [0m[1m203[22m[2m[0m ms[22m

  [32m➜[39m  [1mLocal[22m:   [36mhttp://localhost:[1m5173[22m/[39m
[2m  [32m➜[39m  [1mNetwork[22m[2m: use [22m[1m--host[22m[2m to expose[22m
[2m12:06:50 PM[22m [36m[1m[vite][22m[39m [90m[2m(client)[22m[39m [32mhmr update [39m[2m/src/Pages/Home.jsx[22m
[2m12:06:57 PM[22m [36m[1m[vite][22m[39m [90m[2m(client)[22m[39m [32mpage reload [39m[2mindex.html[22m
[2m12:28:38 PM[22m [36m[1m[vite][22m[39m [32mvite.config.js changed, restarting server...[39m
[2m12:28:40 PM[22m [36m[1m[vite][22m[39m [90m[2m(client)[22m[39m Re-optimizing dependencies because lockfile has changed
[2m12:28:40 PM[22m [36m[1m[vite][22m[39m server restarted.
[2m12:29:02 PM[22m [36m[1m[vite][22m[39m [90m[2m(client)[22m[39m [32mhmr update [39m[2m/src/index.css[22m
[2m12:37:00 PM[22m [36m[1m[vite][22m[39m [90m[2m(client)[22m[39m [32mhmr update [39m[2m/src/index.css[22m
[2m12:38:07 PM[22m [36m[1m[vite][22m[39m [90m[2m(client)[22m[39m [32mhmr update [39m[2m/src/Pages/Home.jsx, /src/index.css[22m
[2m1:08:09 PM[22m [36m[1m[vite][22m[39m [90m[2m(client)[22m[39m [32mhmr update [39m[2m/src/Pages/Home.jsx, /src/index.css[22m
[2m1:08:18 PM[22m [36m[1m[vite][22m[39m [90m[2m(client)[22m[39m [32mhmr update [39m[2m/src/Pages/Home.jsx, /src/index.css[22m
[2m1:08:30 PM[22m [36m[1m[vite][22m[39m [90m[2m(client)[22m[39m [32mhmr update [39m[2m/src/Pages/Home.jsx, /src/index.css[22m
[2m1:08:40 PM[22m [36m[1m[vite][22m[39m [90m[2m(client)[22m[39m [32mhmr update [39m[2m/src/Pages/Home.jsx, /src/index.css[22m
[2m1:08:51 PM[22m [36m[1m[vite][22m[39m [90m[2m(client)[22m[39m [32mhmr update [39m[2m/src/Pages/Home.jsx, /src/index.css[22m
[2m1:09:03 PM[22m [36m[1m[vite][22m[39m [90m[2m(client)[22m[39m [32mhmr update [39m[2m/src/Pages/Home.jsx, /src/index.css[22m
[2m1:09:10 PM[22m [36m[1m[vite][22m[39m [90m[2m(client)[22m[39m [32mhmr update [39m[2m/src/Pages/Home.jsx, /src/index.css[22m
[2m1:05:45 AM[22m [36m[1m[vite][22m[39m [90m[2m(client)[22m[39m [32mhmr update [39m[2m/src/Pages/Home.jsx, /src/index.css[22m
[2m1:05:59 AM[22m [36m[1m[vite][22m[39m [90m[2m(client)[22m[39m [32mhmr update [39m[2m/src/Pages/Home.jsx, /src/index.css[22m
[2m1:06:49 AM[22m [36m[1m[vite][22m[39m [90m[2m(client)[22m[39m [32mhmr update [39m[2m/src/Pages/Home.jsx, /src/index.css[22m
[2m1:10:00 AM[22m [36m[1m[vite][22m[39m [90m[2m(client)[22m[39m [32mhmr update [39m[2m/src/Pages/Home.jsx, /src/index.css[22m
[2m1:10:08 AM[22m [36m[1m[vite][22m[39m [90m[2m(client)[22m[39m [32mhmr update [39m[2m/src/Pages/Home.jsx, /src/index.css[22m
[2m1:10:18 AM[22m [36m[1m[vite][22m[39m [90m[2m(client)[22m[39m [32mhmr update [39m[2m/src/Pages/Home.jsx, /src/index.css[22m
[2m1:10:27 AM[22m [36m[1m[vite][22m[39m [90m[2m(client)[22m[39m [32mhmr update [39m[2m/src/Pages/Home.jsx, /src/index.css[22m
[2m8:47:19 PM[22m [36m[1m[vite][22m[39m [32mvite.config.js changed, restarting server...[39m
[2m8:47:19 PM[22m [36m[1m[vite][22m[39m [90m[2m(client)[22m[39m Re-optimizing dependencies because vite config has changed
[2m8:47:19 PM[22m [36m[1m[vite][22m[39m server restarted.
[2m8:53:32 PM[22m [36m[1m[vite][22m[39m [90m[2m(client)[22m[39m [32mhmr update [39m[2m/src/Pages/Home.jsx, /src/index.css[22m
[2m8:54:54 PM[22m [36m[1m[vite][22m[39m [90m[2m(client)[22m[39m [32mhmr update [39m[2m/src/Pages/Home.jsx, /src/index.css[22m
[2m8:55:04 PM[22m [36m[1m[vite][22m[39m [90m[2m(client)[22m[39m [32mhmr update [39m[2m/src/Pages/Home.jsx, /src/index.css[22m
[2m8:55:11 PM[22m [36m[1m[vite][22m[39m [90m[2m(client)[22m[39m [32mhmr update [39m[2m/src/Pages/Home.jsx, /src/index.css[22m
[2m8:55:20 PM[22m [36m[1m[vite][22m[39m [90m[2m(client)[22m[39m [32mhmr update [39m[2m/src/Pages/Home.jsx, /src/index.css[22m
[2m8:55:33 PM[22m [36m[1m[vite][22m[39m [90m[2m(client)[22m[39m [32mhmr update [39m[2m/src/Pages/Home.jsx, /src/index.css[22m
[2m8:55:43 PM[22m [36m[1m[vite][22m[39m [90m[2m(client)[22m[39m [32mhmr update [39m[2m/src/Pages/Home.jsx, /src/index.css[22m
[2m8:55:50 PM[22m [36m[1m[vite][22m[39m [90m[2m(client)[22m[39m [32mhmr update [39m[2m/src/Pages/Home.jsx, /src/index.css[22m
[2m8:57:29 PM[22m [36m[1m[vite][22m[39m [90m[2m(client)[22m[39m [32mhmr update [39m[2m/src/index.css[22m
[2m10:00:25 PM[22m [36m[1m[vite][22m[39m [90m[2m(client)[22m[39m [32mhmr update [39m[2m/src/Pages/Home.jsx, /src/index.css[22m
[2m10:12:19 PM[22m [36m[1m[vite][22m[39m [32m.env changed, restarting server...[39m
[2m10:12:19 PM[22m [36m[1m[vite][22m[39m [90m[2m(client)[22m[39m Re-optimizing dependencies because vite config has changed
[2m10:12:19 PM[22m [36m[1m[vite][22m[39m server restarted.
[2m10:46:17 PM[22m [36m[1m[vite][22m[39m [32m.env changed, restarting server...[39m
[2m10:46:17 PM[22m [36m[1m[vite][22m[39m server restarted.
